[34mINFO [2025-04-08 11:17:16.788] connection.go:68[0m 数据库连接成功: smps_user@localhost:3306/smps
[34mINFO [2025-04-08 11:17:16.833] migration.go:50[0m 执行迁移: create_initial_tables
[34mINFO [2025-04-08 11:17:16.862] schema.go:76[0m external_smmc表创建或已存在
[34mINFO [2025-04-08 11:17:16.900] schema.go:117[0m 已创建默认管理员用户: admin/admin123
[34mINFO [2025-04-08 11:17:16.900] schema.go:120[0m users表创建或已存在
[34mINFO [2025-04-08 11:17:16.929] schema.go:140[0m ip_whitelist表创建或已存在
[34mINFO [2025-04-08 11:17:16.956] schema.go:160[0m traced_numbers表创建或已存在
[34mINFO [2025-04-08 11:17:16.996] schema.go:190[0m protocol_logs表创建或已存在
[34mINFO [2025-04-08 11:17:17.041] schema.go:238[0m system_config表创建或已存在
[34mINFO [2025-04-08 11:17:17.071] schema.go:259[0m account_ips表创建或已存在
[34mINFO [2025-04-08 11:17:17.076] migration.go:69[0m 迁移完成: create_initial_tables
[34mINFO [2025-04-08 11:17:17.076] migration.go:50[0m 执行迁移: add_message_status_column
[34mINFO [2025-04-08 11:17:17.101] migration.go:69[0m 迁移完成: add_message_status_column
[34mINFO [2025-04-08 11:17:17.102] authenticator.go:242[0m 从数据库加载了0个账户配置
[31mERROR [2025-04-08 11:17:17.103] main.go:92[0m 保存账户失败: 保存账户失败: Error 1364 (HY000): Field 'interface_name' doesn't have a default value
[34mINFO [2025-04-08 11:17:17.103] tracer.go:73[0m 设置内容解析: true
[34mINFO [2025-04-08 11:17:17.103] tracer.go:79[0m 设置跟踪状态: true
[34mINFO [2025-04-08 11:17:17.107] tracer.go:61[0m 添加跟踪号码: 13800138000
[34mINFO [2025-04-08 11:17:17.107] main.go:115[0m 测试跟踪号码保存成功
[31mERROR [2025-04-08 11:17:17.114] main.go:122[0m 创建数据库备份失败: 执行mysqldump失败: exec: "mysqldump": executable file not found in %PATH%
[34mINFO [2025-04-08 11:17:22.115] main.go:141[0m 数据库状态: 连接正常=true, 账户数=0
[34mINFO [2025-04-08 11:17:27.115] main.go:141[0m 数据库状态: 连接正常=true, 账户数=0
[34mINFO [2025-04-08 11:17:32.116] main.go:141[0m 数据库状态: 连接正常=true, 账户数=0
[34mINFO [2025-04-08 11:17:37.115] main.go:141[0m 数据库状态: 连接正常=true, 账户数=0
[34mINFO [2025-04-08 11:17:42.118] main.go:141[0m 数据库状态: 连接正常=true, 账户数=0
[34mINFO [2025-04-08 11:17:47.115] main.go:141[0m 数据库状态: 连接正常=true, 账户数=0
[34mINFO [2025-04-08 11:17:52.116] main.go:141[0m 数据库状态: 连接正常=true, 账户数=0
[34mINFO [2025-04-08 11:17:57.116] main.go:141[0m 数据库状态: 连接正常=true, 账户数=0
[34mINFO [2025-04-08 11:18:02.115] main.go:141[0m 数据库状态: 连接正常=true, 账户数=0
[34mINFO [2025-04-08 11:18:07.115] main.go:141[0m 数据库状态: 连接正常=true, 账户数=0
[34mINFO [2025-04-08 11:18:12.117] main.go:141[0m 数据库状态: 连接正常=true, 账户数=0
[34mINFO [2025-04-08 11:18:17.115] main.go:141[0m 数据库状态: 连接正常=true, 账户数=0
[34mINFO [2025-04-08 11:18:22.115] main.go:141[0m 数据库状态: 连接正常=true, 账户数=0
[34mINFO [2025-04-08 11:18:27.115] main.go:141[0m 数据库状态: 连接正常=true, 账户数=0
[34mINFO [2025-04-08 11:18:32.115] main.go:141[0m 数据库状态: 连接正常=true, 账户数=0
[34mINFO [2025-04-08 11:18:37.116] main.go:141[0m 数据库状态: 连接正常=true, 账户数=0
[34mINFO [2025-04-08 11:18:42.115] main.go:141[0m 数据库状态: 连接正常=true, 账户数=0
[34mINFO [2025-04-08 11:18:47.115] main.go:141[0m 数据库状态: 连接正常=true, 账户数=0
[34mINFO [2025-04-08 11:18:52.115] main.go:141[0m 数据库状态: 连接正常=true, 账户数=0
[34mINFO [2025-04-08 11:18:57.115] main.go:141[0m 数据库状态: 连接正常=true, 账户数=0
[34mINFO [2025-04-08 11:19:02.115] main.go:141[0m 数据库状态: 连接正常=true, 账户数=0
[34mINFO [2025-04-08 11:19:07.115] main.go:141[0m 数据库状态: 连接正常=true, 账户数=0
[34mINFO [2025-04-08 11:19:12.115] main.go:141[0m 数据库状态: 连接正常=true, 账户数=0
[34mINFO [2025-04-08 11:19:17.115] main.go:141[0m 数据库状态: 连接正常=true, 账户数=0
[34mINFO [2025-04-08 11:19:22.115] main.go:141[0m 数据库状态: 连接正常=true, 账户数=0
[34mINFO [2025-04-08 11:19:27.115] main.go:141[0m 数据库状态: 连接正常=true, 账户数=0
[34mINFO [2025-04-08 11:19:32.115] main.go:141[0m 数据库状态: 连接正常=true, 账户数=0
[34mINFO [2025-04-08 11:19:37.115] main.go:141[0m 数据库状态: 连接正常=true, 账户数=0
[34mINFO [2025-04-08 11:19:42.115] main.go:141[0m 数据库状态: 连接正常=true, 账户数=0
[34mINFO [2025-04-08 11:19:44.596] main.go:156[0m 接收到关闭信号，开始优雅关闭...
[34mINFO [2025-04-08 11:19:44.596] connection.go:99[0m 数据库连接已关闭
[34mINFO [2025-04-08 11:19:44.596] main.go:163[0m 数据库测试完成
