[34mINFO [2025-04-04 20:44:03.097] smmc_server.go:71[0m 服务器监听于 :2775
[34mINFO [2025-04-04 20:44:03.097] processor.go:64[0m 响应处理器已启动, 超时=2s, 清理间隔=10s
[34mINFO [2025-04-04 20:44:04.099] main.go:118[0m 生成测试消息 #1: 发送方=10086, 接收方=13800130001
[34mINFO [2025-04-04 20:44:04.753] main.go:163[0m 添加决策: 消息[1]: 动作=ALLOW, 来源=test3, 时间=20:44:04.753, 原因=延迟 653ms 的ALLOW决策, 超时=false
[34mINFO [2025-04-04 20:44:04.894] main.go:163[0m 添加决策: 消息[1]: 动作=INTERCEPT, 来源=test1, 时间=20:44:04.894, 原因=延迟 794ms 的INTERCEPT决策, 超时=false
[34mINFO [2025-04-04 20:44:04.895] main.go:175[0m 最终决策: 消息[1]: 动作=INTERCEPT, 来源=test1, 时间=20:44:04.894, 原因=延迟 794ms 的INTERCEPT决策, 超时=false
[34mINFO [2025-04-04 20:44:05.100] main.go:118[0m 生成测试消息 #2: 发送方=10086, 接收方=13800130002
[34mINFO [2025-04-04 20:44:06.101] main.go:118[0m 生成测试消息 #3: 发送方=10086, 接收方=13800130003
[34mINFO [2025-04-04 20:44:06.685] main.go:163[0m 添加决策: 消息[2]: 动作=INTERCEPT, 来源=test2, 时间=20:44:06.685, 原因=延迟 1.584s 的INTERCEPT决策, 超时=false
[34mINFO [2025-04-04 20:44:06.685] main.go:175[0m 最终决策: 消息[2]: 动作=INTERCEPT, 来源=test2, 时间=20:44:06.685, 原因=延迟 1.584s 的INTERCEPT决策, 超时=false
[31mERROR [2025-04-04 20:44:06.912] main.go:165[0m 决策添加失败: 消息[1]: 动作=ALLOW, 来源=test2, 时间=20:44:06.912, 原因=延迟 2.812s 的ALLOW决策, 超时=false
[34mINFO [2025-04-04 20:44:07.101] main.go:118[0m 生成测试消息 #4: 发送方=10086, 接收方=13800130004
[31mERROR [2025-04-04 20:44:07.543] main.go:165[0m 决策添加失败: 消息[2]: 动作=INTERCEPT, 来源=test3, 时间=20:44:07.543, 原因=延迟 2.443s 的INTERCEPT决策, 超时=false
[31mERROR [2025-04-04 20:44:07.595] main.go:165[0m 决策添加失败: 消息[2]: 动作=ALLOW, 来源=test1, 时间=20:44:07.595, 原因=延迟 2.495s 的ALLOW决策, 超时=false
[34mINFO [2025-04-04 20:44:07.671] main.go:163[0m 添加决策: 消息[3]: 动作=ALLOW, 来源=test2, 时间=20:44:07.671, 原因=延迟 1.57s 的ALLOW决策, 超时=false
[34mINFO [2025-04-04 20:44:07.692] main.go:163[0m 添加决策: 消息[4]: 动作=INTERCEPT, 来源=test1, 时间=20:44:07.692, 原因=延迟 590ms 的INTERCEPT决策, 超时=false
[34mINFO [2025-04-04 20:44:07.692] main.go:175[0m 最终决策: 消息[4]: 动作=INTERCEPT, 来源=test1, 时间=20:44:07.692, 原因=延迟 590ms 的INTERCEPT决策, 超时=false
[34mINFO [2025-04-04 20:44:07.964] main.go:163[0m 添加决策: 消息[3]: 动作=ALLOW, 来源=test3, 时间=20:44:07.964, 原因=延迟 1.863s 的ALLOW决策, 超时=false
[34mINFO [2025-04-04 20:44:08.099] main.go:189[0m 处理器状态: 已处理=0, 拦截=0, 放行=0, 超时=0, 活跃跟踪器=4
[34mINFO [2025-04-04 20:44:08.101] main.go:175[0m 最终决策: 消息[3]: 动作=ALLOW, 来源=system, 时间=20:44:08.101, 原因=处理超时，默认放行, 超时=true
[34mINFO [2025-04-04 20:44:08.103] main.go:118[0m 生成测试消息 #5: 发送方=10086, 接收方=13800130005
[31mERROR [2025-04-04 20:44:08.180] main.go:165[0m 决策添加失败: 消息[3]: 动作=ALLOW, 来源=test1, 时间=20:44:08.180, 原因=延迟 2.079s 的ALLOW决策, 超时=false
[31mERROR [2025-04-04 20:44:08.769] main.go:165[0m 决策添加失败: 消息[4]: 动作=ALLOW, 来源=test2, 时间=20:44:08.769, 原因=延迟 1.666s 的ALLOW决策, 超时=false
[34mINFO [2025-04-04 20:44:08.988] main.go:163[0m 添加决策: 消息[5]: 动作=ALLOW, 来源=test1, 时间=20:44:08.988, 原因=延迟 884ms 的ALLOW决策, 超时=false
[34mINFO [2025-04-04 20:44:09.103] main.go:118[0m 生成测试消息 #6: 发送方=10086, 接收方=13800130006
[31mERROR [2025-04-04 20:44:09.208] main.go:165[0m 决策添加失败: 消息[4]: 动作=ALLOW, 来源=test3, 时间=20:44:09.208, 原因=延迟 2.106s 的ALLOW决策, 超时=false
[34mINFO [2025-04-04 20:44:09.732] main.go:163[0m 添加决策: 消息[5]: 动作=ALLOW, 来源=test2, 时间=20:44:09.732, 原因=延迟 1.629s 的ALLOW决策, 超时=false
[34mINFO [2025-04-04 20:44:10.103] main.go:118[0m 生成测试消息 #7: 发送方=10086, 接收方=13800130007
[34mINFO [2025-04-04 20:44:10.104] main.go:175[0m 最终决策: 消息[5]: 动作=ALLOW, 来源=system, 时间=20:44:10.103, 原因=处理超时，默认放行, 超时=true
[34mINFO [2025-04-04 20:44:10.389] main.go:163[0m 添加决策: 消息[6]: 动作=ALLOW, 来源=test2, 时间=20:44:10.389, 原因=延迟 1.285s 的ALLOW决策, 超时=false
[34mINFO [2025-04-04 20:44:10.621] main.go:163[0m 添加决策: 消息[6]: 动作=INTERCEPT, 来源=test3, 时间=20:44:10.621, 原因=延迟 1.517s 的INTERCEPT决策, 超时=false
[34mINFO [2025-04-04 20:44:10.621] main.go:175[0m 最终决策: 消息[6]: 动作=INTERCEPT, 来源=test3, 时间=20:44:10.621, 原因=延迟 1.517s 的INTERCEPT决策, 超时=false
[31mERROR [2025-04-04 20:44:10.627] main.go:165[0m 决策添加失败: 消息[5]: 动作=INTERCEPT, 来源=test3, 时间=20:44:10.627, 原因=延迟 2.524s 的INTERCEPT决策, 超时=false
[34mINFO [2025-04-04 20:44:11.025] main.go:163[0m 添加决策: 消息[7]: 动作=ALLOW, 来源=test2, 时间=20:44:11.025, 原因=延迟 921ms 的ALLOW决策, 超时=false
[34mINFO [2025-04-04 20:44:11.105] main.go:118[0m 生成测试消息 #8: 发送方=10086, 接收方=13800130008
[31mERROR [2025-04-04 20:44:11.520] main.go:165[0m 决策添加失败: 消息[6]: 动作=ALLOW, 来源=test1, 时间=20:44:11.520, 原因=延迟 2.416s 的ALLOW决策, 超时=false
[34mINFO [2025-04-04 20:44:11.706] main.go:163[0m 添加决策: 消息[7]: 动作=ALLOW, 来源=test1, 时间=20:44:11.706, 原因=延迟 1.602s 的ALLOW决策, 超时=false
[34mINFO [2025-04-04 20:44:11.882] main.go:163[0m 添加决策: 消息[8]: 动作=ALLOW, 来源=test2, 时间=20:44:11.882, 原因=延迟 776ms 的ALLOW决策, 超时=false
[34mINFO [2025-04-04 20:44:12.104] main.go:175[0m 最终决策: 消息[7]: 动作=ALLOW, 来源=system, 时间=20:44:12.104, 原因=处理超时，默认放行, 超时=true
[34mINFO [2025-04-04 20:44:12.106] main.go:118[0m 生成测试消息 #9: 发送方=10086, 接收方=13800130009
[34mINFO [2025-04-04 20:44:12.188] main.go:163[0m 添加决策: 消息[8]: 动作=ALLOW, 来源=test1, 时间=20:44:12.188, 原因=延迟 1.083s 的ALLOW决策, 超时=false
[31mERROR [2025-04-04 20:44:12.548] main.go:165[0m 决策添加失败: 消息[7]: 动作=ALLOW, 来源=test3, 时间=20:44:12.548, 原因=延迟 2.443s 的ALLOW决策, 超时=false
