[34mINFO [2025-04-01 19:37:34.038] smmc_server.go:71[0m æœåŠ¡å™¨ç›‘å¬äº :2775
[34mINFO [2025-04-01 19:37:44.038] main.go:75[0m æœåŠ¡å™¨çŠ¶æ€: æ´»åŠ¨è¿æ¥=0, æ€»è¿æ¥=0, æ¥æ”¶æ¶ˆæ¯=0, å‘é€æ¶ˆæ¯=0
[34mINFO [2025-04-01 19:37:49.165] smmc_server.go:264[0m æ–°ä¼šè¯å·²å»ºç«‹ (ID: 1, ç³»ç»ŸID: test, æ¥æº: ::1:58850)
[34mINFO [2025-04-01 19:37:54.038] main.go:75[0m æœåŠ¡å™¨çŠ¶æ€: æ´»åŠ¨è¿æ¥=1, æ€»è¿æ¥=1, æ¥æ”¶æ¶ˆæ¯=0, å‘é€æ¶ˆæ¯=1
[34mINFO [2025-04-01 19:38:04.038] main.go:75[0m æœåŠ¡å™¨çŠ¶æ€: æ´»åŠ¨è¿æ¥=1, æ€»è¿æ¥=1, æ¥æ”¶æ¶ˆæ¯=0, å‘é€æ¶ˆæ¯=2
[34mINFO [2025-04-01 19:38:11.472] smmc_server.go:264[0m æ–°ä¼šè¯å·²å»ºç«‹ (ID: 2, ç³»ç»ŸID: test, æ¥æº: ::1:58855)
[34mINFO [2025-04-01 19:38:14.039] main.go:75[0m æœåŠ¡å™¨çŠ¶æ€: æ´»åŠ¨è¿æ¥=2, æ€»è¿æ¥=2, æ¥æ”¶æ¶ˆæ¯=0, å‘é€æ¶ˆæ¯=5
[34mINFO [2025-04-01 19:38:24.038] main.go:75[0m æœåŠ¡å™¨çŠ¶æ€: æ´»åŠ¨è¿æ¥=2, æ€»è¿æ¥=2, æ¥æ”¶æ¶ˆæ¯=0, å‘é€æ¶ˆæ¯=8
[34mINFO [2025-04-01 19:38:34.038] main.go:75[0m æœåŠ¡å™¨çŠ¶æ€: æ´»åŠ¨è¿æ¥=2, æ€»è¿æ¥=2, æ¥æ”¶æ¶ˆæ¯=0, å‘é€æ¶ˆæ¯=12
[34mINFO [2025-04-02 11:05:40.901] main.go:75[0m æœåŠ¡å™¨çŠ¶æ€: æ´»åŠ¨è¿æ¥=2, æ€»è¿æ¥=2, æ¥æ”¶æ¶ˆæ¯=0, å‘é€æ¶ˆæ¯=16
[34mINFO [2025-04-02 11:05:44.038] main.go:75[0m æœåŠ¡å™¨çŠ¶æ€: æ´»åŠ¨è¿æ¥=2, æ€»è¿æ¥=2, æ¥æ”¶æ¶ˆæ¯=2, å‘é€æ¶ˆæ¯=20
[34mINFO [2025-04-02 11:05:54.038] main.go:75[0m æœåŠ¡å™¨çŠ¶æ€: æ´»åŠ¨è¿æ¥=2, æ€»è¿æ¥=2, æ¥æ”¶æ¶ˆæ¯=2, å‘é€æ¶ˆæ¯=22
[34mINFO [2025-04-02 11:06:02.810] main.go:89[0m æ¥æ”¶åˆ°å…³é—­ä¿¡å·ï¼Œåœæ­¢æœåŠ¡å™¨...
[31mERROR [2025-04-02 11:06:02.811] smmc_server.go:130[0m æ¥å—è¿æ¥å¤±è´¥: accept tcp [::]:2775: use of closed network connection
[31mERROR [2025-04-02 11:06:02.829] smmc_server.go:305[0m è¯»å–æ¶ˆæ¯å¤±è´¥: read tcp [::1]:2775->[::1]:58850: use of closed network connection
[34mINFO [2025-04-02 11:06:02.830] smmc_server.go:276[0m ä¼šè¯å·²å…³é—­ (ID: 1, ç³»ç»ŸID: test)
[31mERROR [2025-04-02 11:06:02.856] smmc_server.go:305[0m è¯»å–æ¶ˆæ¯å¤±è´¥: read tcp [::1]:2775->[::1]:58855: use of closed network connection
[34mINFO [2025-04-02 11:06:02.856] smmc_server.go:276[0m ä¼šè¯å·²å…³é—­ (ID: 2, ç³»ç»ŸID: test)
[34mINFO [2025-04-02 11:06:02.856] smmc_server.go:99[0m æœåŠ¡å™¨å·²åœæ­¢
[34mINFO [2025-04-02 11:06:02.856] main.go:93[0m æœåŠ¡å™¨å·²åœæ­¢
