[34mINFO [2025-04-04 20:49:00.560] smmc_server.go:71[0m 服务器监听于 :2775
[34mINFO [2025-04-04 20:49:00.561] processor.go:64[0m 响应处理器已启动, 超时=2s, 清理间隔=10s
[34mINFO [2025-04-04 20:49:01.562] main.go:118[0m 生成测试消息 #1: 发送方=10086, 接收方=13800130001
[34mINFO [2025-04-04 20:49:02.563] main.go:118[0m 生成测试消息 #2: 发送方=10086, 接收方=13800130002
[34mINFO [2025-04-04 20:49:02.861] main.go:163[0m 添加决策: 消息[1]: 动作=ALLOW, 来源=test2, 时间=20:49:02.861, 原因=延迟 1.299s 的ALLOW决策, 超时=false
[34mINFO [2025-04-04 20:49:03.119] main.go:163[0m 添加决策: 消息[1]: 动作=INTERCEPT, 来源=test3, 时间=20:49:03.119, 原因=延迟 1.556s 的INTERCEPT决策, 超时=false
[34mINFO [2025-04-04 20:49:03.119] main.go:175[0m 最终决策: 消息[1]: 动作=INTERCEPT, 来源=test3, 时间=20:49:03.119, 原因=延迟 1.556s 的INTERCEPT决策, 超时=false
[34mINFO [2025-04-04 20:49:03.563] main.go:118[0m 生成测试消息 #3: 发送方=10086, 接收方=13800130003
[31mERROR [2025-04-04 20:49:04.061] main.go:165[0m 决策添加失败: 消息[1]: 动作=INTERCEPT, 来源=test1, 时间=20:49:04.061, 原因=延迟 2.499s 的INTERCEPT决策, 超时=false
[34mINFO [2025-04-04 20:49:04.113] main.go:163[0m 添加决策: 消息[3]: 动作=ALLOW, 来源=test1, 时间=20:49:04.113, 原因=延迟 548ms 的ALLOW决策, 超时=false
[34mINFO [2025-04-04 20:49:04.261] main.go:163[0m 添加决策: 消息[3]: 动作=ALLOW, 来源=test3, 时间=20:49:04.261, 原因=延迟 697ms 的ALLOW决策, 超时=false
[34mINFO [2025-04-04 20:49:04.563] main.go:175[0m 最终决策: 消息[2]: 动作=ALLOW, 来源=system, 时间=20:49:04.563, 原因=处理超时，默认放行, 超时=true
[34mINFO [2025-04-04 20:49:04.564] main.go:118[0m 生成测试消息 #4: 发送方=10086, 接收方=13800130004
[31mERROR [2025-04-04 20:49:04.634] main.go:165[0m 决策添加失败: 消息[2]: 动作=ALLOW, 来源=test2, 时间=20:49:04.634, 原因=延迟 2.071s 的ALLOW决策, 超时=false
[31mERROR [2025-04-04 20:49:04.738] main.go:165[0m 决策添加失败: 消息[2]: 动作=ALLOW, 来源=test1, 时间=20:49:04.738, 原因=延迟 2.175s 的ALLOW决策, 超时=false
[34mINFO [2025-04-04 20:49:05.151] main.go:163[0m 添加决策: 消息[3]: 动作=ALLOW, 来源=test2, 时间=20:49:05.151, 原因=延迟 1.587s 的ALLOW决策, 超时=false
[34mINFO [2025-04-04 20:49:05.151] main.go:175[0m 最终决策: 消息[3]: 动作=ALLOW, 来源=test1, 时间=20:49:04.113, 原因=延迟 548ms 的ALLOW决策, 超时=false
[31mERROR [2025-04-04 20:49:05.179] main.go:165[0m 决策添加失败: 消息[2]: 动作=ALLOW, 来源=test3, 时间=20:49:05.179, 原因=延迟 2.616s 的ALLOW决策, 超时=false
[34mINFO [2025-04-04 20:49:05.562] main.go:189[0m 处理器状态: 已处理=0, 拦截=0, 放行=0, 超时=0, 活跃跟踪器=4
[34mINFO [2025-04-04 20:49:05.565] main.go:118[0m 生成测试消息 #5: 发送方=10086, 接收方=13800130005
[34mINFO [2025-04-04 20:49:05.717] main.go:163[0m 添加决策: 消息[4]: 动作=ALLOW, 来源=test1, 时间=20:49:05.717, 原因=延迟 1.152s 的ALLOW决策, 超时=false
[34mINFO [2025-04-04 20:49:06.332] main.go:163[0m 添加决策: 消息[4]: 动作=ALLOW, 来源=test2, 时间=20:49:06.332, 原因=延迟 1.767s 的ALLOW决策, 超时=false
[34mINFO [2025-04-04 20:49:06.409] main.go:163[0m 添加决策: 消息[5]: 动作=ALLOW, 来源=test2, 时间=20:49:06.409, 原因=延迟 844ms 的ALLOW决策, 超时=false
[34mINFO [2025-04-04 20:49:06.427] main.go:163[0m 添加决策: 消息[5]: 动作=ALLOW, 来源=test3, 时间=20:49:06.427, 原因=延迟 862ms 的ALLOW决策, 超时=false
[34mINFO [2025-04-04 20:49:06.564] main.go:175[0m 最终决策: 消息[4]: 动作=ALLOW, 来源=system, 时间=20:49:06.564, 原因=处理超时，默认放行, 超时=true
[34mINFO [2025-04-04 20:49:06.565] main.go:118[0m 生成测试消息 #6: 发送方=10086, 接收方=13800130006
[31mERROR [2025-04-04 20:49:07.131] main.go:165[0m 决策添加失败: 消息[4]: 动作=INTERCEPT, 来源=test3, 时间=20:49:07.131, 原因=延迟 2.566s 的INTERCEPT决策, 超时=false
[34mINFO [2025-04-04 20:49:07.565] main.go:175[0m 最终决策: 消息[5]: 动作=ALLOW, 来源=system, 时间=20:49:07.565, 原因=处理超时，默认放行, 超时=true
[34mINFO [2025-04-04 20:49:07.566] main.go:118[0m 生成测试消息 #7: 发送方=10086, 接收方=13800130007
[34mINFO [2025-04-04 20:49:07.595] main.go:163[0m 添加决策: 消息[6]: 动作=ALLOW, 来源=test1, 时间=20:49:07.595, 原因=延迟 1.029s 的ALLOW决策, 超时=false
[34mINFO [2025-04-04 20:49:08.181] main.go:163[0m 添加决策: 消息[6]: 动作=ALLOW, 来源=test2, 时间=20:49:08.181, 原因=延迟 1.615s 的ALLOW决策, 超时=false
[34mINFO [2025-04-04 20:49:08.483] main.go:163[0m 添加决策: 消息[6]: 动作=INTERCEPT, 来源=test3, 时间=20:49:08.483, 原因=延迟 1.917s 的INTERCEPT决策, 超时=false
[34mINFO [2025-04-04 20:49:08.483] main.go:175[0m 最终决策: 消息[6]: 动作=INTERCEPT, 来源=test3, 时间=20:49:08.483, 原因=延迟 1.917s 的INTERCEPT决策, 超时=false
[31mERROR [2025-04-04 20:49:08.498] main.go:165[0m 决策添加失败: 消息[5]: 动作=INTERCEPT, 来源=test1, 时间=20:49:08.498, 原因=延迟 2.933s 的INTERCEPT决策, 超时=false
[34mINFO [2025-04-04 20:49:08.567] main.go:118[0m 生成测试消息 #8: 发送方=10086, 接收方=13800130008
[34mINFO [2025-04-04 20:49:09.137] main.go:163[0m 添加决策: 消息[7]: 动作=ALLOW, 来源=test2, 时间=20:49:09.137, 原因=延迟 1.57s 的ALLOW决策, 超时=false
[34mINFO [2025-04-04 20:49:09.567] main.go:175[0m 最终决策: 消息[7]: 动作=ALLOW, 来源=system, 时间=20:49:09.567, 原因=处理超时，默认放行, 超时=true
[34mINFO [2025-04-04 20:49:09.568] main.go:118[0m 生成测试消息 #9: 发送方=10086, 接收方=13800130009
[34mINFO [2025-04-04 20:49:09.607] main.go:163[0m 添加决策: 消息[8]: 动作=INTERCEPT, 来源=test2, 时间=20:49:09.607, 原因=延迟 1.039s 的INTERCEPT决策, 超时=false
[34mINFO [2025-04-04 20:49:09.607] main.go:175[0m 最终决策: 消息[8]: 动作=INTERCEPT, 来源=test2, 时间=20:49:09.607, 原因=延迟 1.039s 的INTERCEPT决策, 超时=false
[31mERROR [2025-04-04 20:49:10.157] main.go:165[0m 决策添加失败: 消息[7]: 动作=INTERCEPT, 来源=test1, 时间=20:49:10.157, 原因=延迟 2.59s 的INTERCEPT决策, 超时=false
[31mERROR [2025-04-04 20:49:10.407] main.go:165[0m 决策添加失败: 消息[7]: 动作=ALLOW, 来源=test3, 时间=20:49:10.407, 原因=延迟 2.84s 的ALLOW决策, 超时=false
[31mERROR [2025-04-04 20:49:10.495] main.go:165[0m 决策添加失败: 消息[8]: 动作=ALLOW, 来源=test1, 时间=20:49:10.495, 原因=延迟 1.927s 的ALLOW决策, 超时=false
[34mINFO [2025-04-04 20:49:10.562] main.go:189[0m 处理器状态: 已处理=0, 拦截=0, 放行=0, 超时=0, 活跃跟踪器=9
[34mINFO [2025-04-04 20:49:10.568] main.go:118[0m 生成测试消息 #10: 发送方=10086, 接收方=13800130010
[34mINFO [2025-04-04 20:49:10.995] main.go:163[0m 添加决策: 消息[9]: 动作=ALLOW, 来源=test1, 时间=20:49:10.995, 原因=延迟 1.427s 的ALLOW决策, 超时=false
[31mERROR [2025-04-04 20:49:11.402] main.go:165[0m 决策添加失败: 消息[8]: 动作=INTERCEPT, 来源=test3, 时间=20:49:11.402, 原因=延迟 2.835s 的INTERCEPT决策, 超时=false
[34mINFO [2025-04-04 20:49:11.420] main.go:163[0m 添加决策: 消息[10]: 动作=ALLOW, 来源=test2, 时间=20:49:11.420, 原因=延迟 852ms 的ALLOW决策, 超时=false
[34mINFO [2025-04-04 20:49:11.568] main.go:175[0m 最终决策: 消息[9]: 动作=ALLOW, 来源=system, 时间=20:49:11.568, 原因=处理超时，默认放行, 超时=true
[34mINFO [2025-04-04 20:49:11.569] main.go:118[0m 生成测试消息 #11: 发送方=10086, 接收方=13800130011
[31mERROR [2025-04-04 20:49:11.979] main.go:165[0m 决策添加失败: 消息[9]: 动作=ALLOW, 来源=test3, 时间=20:49:11.979, 原因=延迟 2.411s 的ALLOW决策, 超时=false
[34mINFO [2025-04-04 20:49:12.042] main.go:163[0m 添加决策: 消息[10]: 动作=ALLOW, 来源=test3, 时间=20:49:12.042, 原因=延迟 1.474s 的ALLOW决策, 超时=false
[31mERROR [2025-04-04 20:49:12.486] main.go:165[0m 决策添加失败: 消息[9]: 动作=ALLOW, 来源=test2, 时间=20:49:12.486, 原因=延迟 2.918s 的ALLOW决策, 超时=false
[34mINFO [2025-04-04 20:49:12.568] main.go:175[0m 最终决策: 消息[10]: 动作=ALLOW, 来源=system, 时间=20:49:12.568, 原因=处理超时，默认放行, 超时=true
[34mINFO [2025-04-04 20:49:12.569] main.go:118[0m 生成测试消息 #12: 发送方=10086, 接收方=13800130012
[34mINFO [2025-04-04 20:49:13.302] main.go:163[0m 添加决策: 消息[12]: 动作=INTERCEPT, 来源=test3, 时间=20:49:13.302, 原因=延迟 732ms 的INTERCEPT决策, 超时=false
[34mINFO [2025-04-04 20:49:13.302] main.go:175[0m 最终决策: 消息[12]: 动作=INTERCEPT, 来源=test3, 时间=20:49:13.302, 原因=延迟 732ms 的INTERCEPT决策, 超时=false
[31mERROR [2025-04-04 20:49:13.518] main.go:165[0m 决策添加失败: 消息[10]: 动作=INTERCEPT, 来源=test1, 时间=20:49:13.518, 原因=延迟 2.949s 的INTERCEPT决策, 超时=false
[34mINFO [2025-04-04 20:49:13.569] main.go:175[0m 最终决策: 消息[11]: 动作=ALLOW, 来源=system, 时间=20:49:13.569, 原因=处理超时，默认放行, 超时=true
[34mINFO [2025-04-04 20:49:13.570] main.go:118[0m 生成测试消息 #13: 发送方=10086, 接收方=13800130013
[31mERROR [2025-04-04 20:49:13.619] main.go:165[0m 决策添加失败: 消息[11]: 动作=ALLOW, 来源=test3, 时间=20:49:13.619, 原因=延迟 2.05s 的ALLOW决策, 超时=false
[31mERROR [2025-04-04 20:49:14.153] main.go:165[0m 决策添加失败: 消息[12]: 动作=ALLOW, 来源=test1, 时间=20:49:14.153, 原因=延迟 1.583s 的ALLOW决策, 超时=false
[31mERROR [2025-04-04 20:49:14.230] main.go:165[0m 决策添加失败: 消息[11]: 动作=ALLOW, 来源=test2, 时间=20:49:14.230, 原因=延迟 2.661s 的ALLOW决策, 超时=false
[31mERROR [2025-04-04 20:49:14.303] main.go:165[0m 决策添加失败: 消息[12]: 动作=INTERCEPT, 来源=test2, 时间=20:49:14.303, 原因=延迟 1.732s 的INTERCEPT决策, 超时=false
[31mERROR [2025-04-04 20:49:14.448] main.go:165[0m 决策添加失败: 消息[11]: 动作=ALLOW, 来源=test1, 时间=20:49:14.448, 原因=延迟 2.878s 的ALLOW决策, 超时=false
[34mINFO [2025-04-04 20:49:14.531] main.go:163[0m 添加决策: 消息[13]: 动作=INTERCEPT, 来源=test3, 时间=20:49:14.531, 原因=延迟 960ms 的INTERCEPT决策, 超时=false
[34mINFO [2025-04-04 20:49:14.531] main.go:175[0m 最终决策: 消息[13]: 动作=INTERCEPT, 来源=test3, 时间=20:49:14.531, 原因=延迟 960ms 的INTERCEPT决策, 超时=false
[34mINFO [2025-04-04 20:49:14.572] main.go:118[0m 生成测试消息 #14: 发送方=10086, 接收方=13800130014
[31mERROR [2025-04-04 20:49:15.288] main.go:165[0m 决策添加失败: 消息[13]: 动作=INTERCEPT, 来源=test1, 时间=20:49:15.288, 原因=延迟 1.717s 的INTERCEPT决策, 超时=false
[34mINFO [2025-04-04 20:49:15.562] main.go:189[0m 处理器状态: 已处理=0, 拦截=0, 放行=0, 超时=0, 活跃跟踪器=14
[34mINFO [2025-04-04 20:49:15.573] main.go:118[0m 生成测试消息 #15: 发送方=10086, 接收方=13800130015
[31mERROR [2025-04-04 20:49:15.999] main.go:165[0m 决策添加失败: 消息[13]: 动作=INTERCEPT, 来源=test2, 时间=20:49:15.999, 原因=延迟 2.428s 的INTERCEPT决策, 超时=false
[34mINFO [2025-04-04 20:49:16.142] main.go:163[0m 添加决策: 消息[15]: 动作=ALLOW, 来源=test3, 时间=20:49:16.142, 原因=延迟 568ms 的ALLOW决策, 超时=false
[34mINFO [2025-04-04 20:49:16.244] main.go:163[0m 添加决策: 消息[14]: 动作=ALLOW, 来源=test3, 时间=20:49:16.244, 原因=延迟 1.671s 的ALLOW决策, 超时=false
[34mINFO [2025-04-04 20:49:16.268] main.go:163[0m 添加决策: 消息[15]: 动作=ALLOW, 来源=test1, 时间=20:49:16.268, 原因=延迟 694ms 的ALLOW决策, 超时=false
[34mINFO [2025-04-04 20:49:16.326] main.go:163[0m 添加决策: 消息[14]: 动作=INTERCEPT, 来源=test2, 时间=20:49:16.326, 原因=延迟 1.753s 的INTERCEPT决策, 超时=false
[34mINFO [2025-04-04 20:49:16.327] main.go:175[0m 最终决策: 消息[14]: 动作=INTERCEPT, 来源=test2, 时间=20:49:16.326, 原因=延迟 1.753s 的INTERCEPT决策, 超时=false
[34mINFO [2025-04-04 20:49:16.473] main.go:163[0m 添加决策: 消息[15]: 动作=ALLOW, 来源=test2, 时间=20:49:16.473, 原因=延迟 899ms 的ALLOW决策, 超时=false
[34mINFO [2025-04-04 20:49:16.473] main.go:175[0m 最终决策: 消息[15]: 动作=ALLOW, 来源=test3, 时间=20:49:16.142, 原因=延迟 568ms 的ALLOW决策, 超时=false
[34mINFO [2025-04-04 20:49:16.574] main.go:118[0m 生成测试消息 #16: 发送方=10086, 接收方=13800130016
[31mERROR [2025-04-04 20:49:16.831] main.go:165[0m 决策添加失败: 消息[14]: 动作=INTERCEPT, 来源=test1, 时间=20:49:16.831, 原因=延迟 2.258s 的INTERCEPT决策, 超时=false
[34mINFO [2025-04-04 20:49:17.339] main.go:163[0m 添加决策: 消息[16]: 动作=INTERCEPT, 来源=test3, 时间=20:49:17.339, 原因=延迟 764ms 的INTERCEPT决策, 超时=false
[34mINFO [2025-04-04 20:49:17.339] main.go:175[0m 最终决策: 消息[16]: 动作=INTERCEPT, 来源=test3, 时间=20:49:17.339, 原因=延迟 764ms 的INTERCEPT决策, 超时=false
[31mERROR [2025-04-04 20:49:17.527] main.go:165[0m 决策添加失败: 消息[16]: 动作=ALLOW, 来源=test2, 时间=20:49:17.527, 原因=延迟 952ms 的ALLOW决策, 超时=false
[34mINFO [2025-04-04 20:49:17.575] main.go:118[0m 生成测试消息 #17: 发送方=10086, 接收方=13800130017
[34mINFO [2025-04-04 20:49:18.461] main.go:163[0m 添加决策: 消息[17]: 动作=ALLOW, 来源=test1, 时间=20:49:18.461, 原因=延迟 885ms 的ALLOW决策, 超时=false
[34mINFO [2025-04-04 20:49:18.576] main.go:118[0m 生成测试消息 #18: 发送方=10086, 接收方=13800130018
[34mINFO [2025-04-04 20:49:18.618] main.go:163[0m 添加决策: 消息[17]: 动作=INTERCEPT, 来源=test2, 时间=20:49:18.618, 原因=延迟 1.042s 的INTERCEPT决策, 超时=false
[34mINFO [2025-04-04 20:49:18.618] main.go:175[0m 最终决策: 消息[17]: 动作=INTERCEPT, 来源=test2, 时间=20:49:18.618, 原因=延迟 1.042s 的INTERCEPT决策, 超时=false
[31mERROR [2025-04-04 20:49:18.684] main.go:165[0m 决策添加失败: 消息[16]: 动作=ALLOW, 来源=test1, 时间=20:49:18.684, 原因=延迟 2.108s 的ALLOW决策, 超时=false
[31mERROR [2025-04-04 20:49:19.040] main.go:165[0m 决策添加失败: 消息[17]: 动作=ALLOW, 来源=test3, 时间=20:49:19.040, 原因=延迟 1.464s 的ALLOW决策, 超时=false
[34mINFO [2025-04-04 20:49:19.497] main.go:163[0m 添加决策: 消息[18]: 动作=ALLOW, 来源=test2, 时间=20:49:19.497, 原因=延迟 920ms 的ALLOW决策, 超时=false
[34mINFO [2025-04-04 20:49:19.577] main.go:118[0m 生成测试消息 #19: 发送方=10086, 接收方=13800130019
[34mINFO [2025-04-04 20:49:20.044] main.go:163[0m 添加决策: 消息[18]: 动作=ALLOW, 来源=test1, 时间=20:49:20.044, 原因=延迟 1.467s 的ALLOW决策, 超时=false
[34mINFO [2025-04-04 20:49:20.562] main.go:189[0m 处理器状态: 已处理=0, 拦截=0, 放行=0, 超时=0, 活跃跟踪器=10
[34mINFO [2025-04-04 20:49:20.577] main.go:175[0m 最终决策: 消息[18]: 动作=ALLOW, 来源=system, 时间=20:49:20.577, 原因=处理超时，默认放行, 超时=true
[34mINFO [2025-04-04 20:49:20.578] main.go:118[0m 生成测试消息 #20: 发送方=10086, 接收方=13800130020
[34mINFO [2025-04-04 20:49:20.674] main.go:163[0m 添加决策: 消息[19]: 动作=ALLOW, 来源=test1, 时间=20:49:20.674, 原因=延迟 1.096s 的ALLOW决策, 超时=false
[31mERROR [2025-04-04 20:49:21.017] main.go:165[0m 决策添加失败: 消息[18]: 动作=ALLOW, 来源=test3, 时间=20:49:21.017, 原因=延迟 2.44s 的ALLOW决策, 超时=false
[34mINFO [2025-04-04 20:49:21.578] main.go:175[0m 最终决策: 消息[19]: 动作=ALLOW, 来源=system, 时间=20:49:21.578, 原因=处理超时，默认放行, 超时=true
[31mERROR [2025-04-04 20:49:21.665] main.go:165[0m 决策添加失败: 消息[19]: 动作=ALLOW, 来源=test2, 时间=20:49:21.665, 原因=延迟 2.087s 的ALLOW决策, 超时=false
[31mERROR [2025-04-04 20:49:21.681] main.go:165[0m 决策添加失败: 消息[19]: 动作=ALLOW, 来源=test3, 时间=20:49:21.681, 原因=延迟 2.102s 的ALLOW决策, 超时=false
[34mINFO [2025-04-04 20:49:22.009] main.go:163[0m 添加决策: 消息[20]: 动作=ALLOW, 来源=test3, 时间=20:49:22.009, 原因=延迟 1.43s 的ALLOW决策, 超时=false
[34mINFO [2025-04-04 20:49:22.072] main.go:163[0m 添加决策: 消息[20]: 动作=INTERCEPT, 来源=test1, 时间=20:49:22.072, 原因=延迟 1.494s 的INTERCEPT决策, 超时=false
[34mINFO [2025-04-04 20:49:22.073] main.go:175[0m 最终决策: 消息[20]: 动作=INTERCEPT, 来源=test1, 时间=20:49:22.072, 原因=延迟 1.494s 的INTERCEPT决策, 超时=false
[31mERROR [2025-04-04 20:49:23.152] main.go:165[0m 决策添加失败: 消息[20]: 动作=ALLOW, 来源=test2, 时间=20:49:23.152, 原因=延迟 2.573s 的ALLOW决策, 超时=false
[34mINFO [2025-04-04 20:49:25.562] main.go:189[0m 处理器状态: 已处理=0, 拦截=0, 放行=0, 超时=0, 活跃跟踪器=11
[34mINFO [2025-04-04 20:49:30.562] main.go:189[0m 处理器状态: 已处理=0, 拦截=0, 放行=0, 超时=0, 活跃跟踪器=11
[34mINFO [2025-04-04 20:49:35.562] main.go:189[0m 处理器状态: 已处理=0, 拦截=0, 放行=0, 超时=0, 活跃跟踪器=1
[34mINFO [2025-04-04 20:49:40.562] main.go:189[0m 处理器状态: 已处理=0, 拦截=0, 放行=0, 超时=0, 活跃跟踪器=1
[34mINFO [2025-04-04 20:49:43.386] main.go:208[0m 接收到关闭信号，开始优雅关闭...
[31mERROR [2025-04-04 20:49:43.387] smmc_server.go:130[0m 接受连接失败: accept tcp [::]:2775: use of closed network connection
