[34mINFO [2025-04-04 20:42:17.788] smmc_server.go:71[0m 服务器监听于 :2775
[34mINFO [2025-04-04 20:42:17.788] processor.go:64[0m 响应处理器已启动, 超时=2s, 清理间隔=10s
[34mINFO [2025-04-04 20:42:18.790] main.go:123[0m 生成测试消息 #1: 发送方=10086, 接收方=13800130001
[34mINFO [2025-04-04 20:42:18.790] main.go:126[0m 生成测试消息 #1: 发送方=10086, 接收方=13800130001
[34mINFO [2025-04-04 20:42:19.333] main.go:171[0m 添加决策: 消息[1]: 动作=INTERCEPT, 来源=test2, 时间=20:42:19.333, 原因=延迟 542ms 的INTERCEPT决策, 超时=false
[34mINFO [2025-04-04 20:42:19.336] main.go:183[0m 最终决策: 消息[1]: 动作=INTERCEPT, 来源=test2, 时间=20:42:19.333, 原因=延迟 542ms 的INTERCEPT决策, 超时=false
[31mERROR [2025-04-04 20:42:19.597] main.go:173[0m 决策添加失败: 消息[1]: 动作=INTERCEPT, 来源=test3, 时间=20:42:19.597, 原因=延迟 807ms 的INTERCEPT决策, 超时=false
[34mINFO [2025-04-04 20:42:19.790] main.go:123[0m 生成测试消息 #2: 发送方=10086, 接收方=13800130002
[34mINFO [2025-04-04 20:42:19.790] main.go:126[0m 生成测试消息 #2: 发送方=10086, 接收方=13800130002
[34mINFO [2025-04-04 20:42:20.791] main.go:123[0m 生成测试消息 #3: 发送方=10086, 接收方=13800130003
[34mINFO [2025-04-04 20:42:20.791] main.go:126[0m 生成测试消息 #3: 发送方=10086, 接收方=13800130003
[31mERROR [2025-04-04 20:42:21.589] main.go:173[0m 决策添加失败: 消息[1]: 动作=INTERCEPT, 来源=test1, 时间=20:42:21.589, 原因=延迟 2.799s 的INTERCEPT决策, 超时=false
[34mINFO [2025-04-04 20:42:21.791] main.go:183[0m 最终决策: 消息[2]: 动作=ALLOW, 来源=system, 时间=20:42:21.791, 原因=处理超时，默认放行, 超时=true
[34mINFO [2025-04-04 20:42:21.792] main.go:123[0m 生成测试消息 #4: 发送方=10086, 接收方=13800130004
[34mINFO [2025-04-04 20:42:21.792] main.go:126[0m 生成测试消息 #4: 发送方=10086, 接收方=13800130004
[31mERROR [2025-04-04 20:42:21.872] main.go:173[0m 决策添加失败: 消息[2]: 动作=INTERCEPT, 来源=test1, 时间=20:42:21.872, 原因=延迟 2.081s 的INTERCEPT决策, 超时=false
[31mERROR [2025-04-04 20:42:22.183] main.go:173[0m 决策添加失败: 消息[2]: 动作=ALLOW, 来源=test2, 时间=20:42:22.183, 原因=延迟 2.392s 的ALLOW决策, 超时=false
[34mINFO [2025-04-04 20:42:22.348] main.go:171[0m 添加决策: 消息[4]: 动作=ALLOW, 来源=test1, 时间=20:42:22.348, 原因=延迟 556ms 的ALLOW决策, 超时=false
[34mINFO [2025-04-04 20:42:22.364] main.go:171[0m 添加决策: 消息[3]: 动作=ALLOW, 来源=test3, 时间=20:42:22.364, 原因=延迟 1.572s 的ALLOW决策, 超时=false
[31mERROR [2025-04-04 20:42:22.639] main.go:173[0m 决策添加失败: 消息[2]: 动作=ALLOW, 来源=test3, 时间=20:42:22.639, 原因=延迟 2.848s 的ALLOW决策, 超时=false
[34mINFO [2025-04-04 20:42:22.790] main.go:197[0m 处理器状态: 已处理=0, 拦截=0, 放行=0, 超时=0, 活跃跟踪器=4
[34mINFO [2025-04-04 20:42:22.792] main.go:123[0m 生成测试消息 #5: 发送方=10086, 接收方=13800130005
[34mINFO [2025-04-04 20:42:22.793] main.go:126[0m 生成测试消息 #5: 发送方=10086, 接收方=13800130005
[34mINFO [2025-04-04 20:42:22.793] main.go:183[0m 最终决策: 消息[3]: 动作=ALLOW, 来源=system, 时间=20:42:22.792, 原因=处理超时，默认放行, 超时=true
[34mINFO [2025-04-04 20:42:22.958] main.go:171[0m 添加决策: 消息[4]: 动作=INTERCEPT, 来源=test2, 时间=20:42:22.958, 原因=延迟 1.165s 的INTERCEPT决策, 超时=false
[34mINFO [2025-04-04 20:42:22.959] main.go:183[0m 最终决策: 消息[4]: 动作=INTERCEPT, 来源=test2, 时间=20:42:22.958, 原因=延迟 1.165s 的INTERCEPT决策, 超时=false
[34mINFO [2025-04-04 20:42:23.302] main.go:171[0m 添加决策: 消息[5]: 动作=INTERCEPT, 来源=test3, 时间=20:42:23.302, 原因=延迟 508ms 的INTERCEPT决策, 超时=false
[34mINFO [2025-04-04 20:42:23.303] main.go:183[0m 最终决策: 消息[5]: 动作=INTERCEPT, 来源=test3, 时间=20:42:23.302, 原因=延迟 508ms 的INTERCEPT决策, 超时=false
[31mERROR [2025-04-04 20:42:23.571] main.go:173[0m 决策添加失败: 消息[3]: 动作=ALLOW, 来源=test2, 时间=20:42:23.571, 原因=延迟 2.779s 的ALLOW决策, 超时=false
[31mERROR [2025-04-04 20:42:23.631] main.go:173[0m 决策添加失败: 消息[3]: 动作=ALLOW, 来源=test1, 时间=20:42:23.631, 原因=延迟 2.839s 的ALLOW决策, 超时=false
[34mINFO [2025-04-04 20:42:23.793] main.go:123[0m 生成测试消息 #6: 发送方=10086, 接收方=13800130006
[34mINFO [2025-04-04 20:42:23.793] main.go:126[0m 生成测试消息 #6: 发送方=10086, 接收方=13800130006
[31mERROR [2025-04-04 20:42:24.607] main.go:173[0m 决策添加失败: 消息[4]: 动作=ALLOW, 来源=test3, 时间=20:42:24.607, 原因=延迟 2.815s 的ALLOW决策, 超时=false
[34mINFO [2025-04-04 20:42:24.639] main.go:171[0m 添加决策: 消息[6]: 动作=ALLOW, 来源=test1, 时间=20:42:24.639, 原因=延迟 846ms 的ALLOW决策, 超时=false
[34mINFO [2025-04-04 20:42:24.793] main.go:123[0m 生成测试消息 #7: 发送方=10086, 接收方=13800130007
[34mINFO [2025-04-04 20:42:24.793] main.go:126[0m 生成测试消息 #7: 发送方=10086, 接收方=13800130007
[31mERROR [2025-04-04 20:42:24.823] main.go:173[0m 决策添加失败: 消息[5]: 动作=ALLOW, 来源=test2, 时间=20:42:24.823, 原因=延迟 2.029s 的ALLOW决策, 超时=false
[34mINFO [2025-04-04 20:42:25.399] main.go:171[0m 添加决策: 消息[7]: 动作=INTERCEPT, 来源=test2, 时间=20:42:25.399, 原因=延迟 605ms 的INTERCEPT决策, 超时=false
[34mINFO [2025-04-04 20:42:25.400] main.go:183[0m 最终决策: 消息[7]: 动作=INTERCEPT, 来源=test2, 时间=20:42:25.399, 原因=延迟 605ms 的INTERCEPT决策, 超时=false
[34mINFO [2025-04-04 20:42:25.403] main.go:171[0m 添加决策: 消息[6]: 动作=ALLOW, 来源=test3, 时间=20:42:25.403, 原因=延迟 1.61s 的ALLOW决策, 超时=false
[31mERROR [2025-04-04 20:42:25.478] main.go:173[0m 决策添加失败: 消息[5]: 动作=INTERCEPT, 来源=test1, 时间=20:42:25.478, 原因=延迟 2.684s 的INTERCEPT决策, 超时=false
[31mERROR [2025-04-04 20:42:25.662] main.go:173[0m 决策添加失败: 消息[7]: 动作=ALLOW, 来源=test3, 时间=20:42:25.662, 原因=延迟 868ms 的ALLOW决策, 超时=false
[34mINFO [2025-04-04 20:42:25.668] main.go:171[0m 添加决策: 消息[6]: 动作=ALLOW, 来源=test2, 时间=20:42:25.668, 原因=延迟 1.875s 的ALLOW决策, 超时=false
[34mINFO [2025-04-04 20:42:25.668] main.go:183[0m 最终决策: 消息[6]: 动作=ALLOW, 来源=test1, 时间=20:42:24.639, 原因=延迟 846ms 的ALLOW决策, 超时=false
[34mINFO [2025-04-04 20:42:25.795] main.go:123[0m 生成测试消息 #8: 发送方=10086, 接收方=13800130008
[34mINFO [2025-04-04 20:42:25.795] main.go:126[0m 生成测试消息 #8: 发送方=10086, 接收方=13800130008
[31mERROR [2025-04-04 20:42:26.145] main.go:173[0m 决策添加失败: 消息[7]: 动作=INTERCEPT, 来源=test1, 时间=20:42:26.145, 原因=延迟 1.351s 的INTERCEPT决策, 超时=false
[34mINFO [2025-04-04 20:42:26.630] main.go:171[0m 添加决策: 消息[8]: 动作=ALLOW, 来源=test2, 时间=20:42:26.630, 原因=延迟 834ms 的ALLOW决策, 超时=false
[34mINFO [2025-04-04 20:42:26.796] main.go:123[0m 生成测试消息 #9: 发送方=10086, 接收方=13800130009
[34mINFO [2025-04-04 20:42:26.797] main.go:126[0m 生成测试消息 #9: 发送方=10086, 接收方=13800130009
[34mINFO [2025-04-04 20:42:27.706] main.go:171[0m 添加决策: 消息[9]: 动作=INTERCEPT, 来源=test3, 时间=20:42:27.706, 原因=延迟 907ms 的INTERCEPT决策, 超时=false
[34mINFO [2025-04-04 20:42:27.706] main.go:183[0m 最终决策: 消息[9]: 动作=INTERCEPT, 来源=test3, 时间=20:42:27.706, 原因=延迟 907ms 的INTERCEPT决策, 超时=false
